Cloning into 'paru'...
hint: Using 'master' as the name for the initial branch. This default branch name
hint: is subject to change. To configure the initial branch name to use in all
hint: of your new repositories, which will suppress this warning, call:
hint:
hint: 	git config --global init.defaultBranch <name>
hint:
hint: Names commonly chosen instead of 'master' are 'main', 'trunk' and
hint: 'development'. The just-created branch can be renamed via this command:
hint:
hint: 	git branch -m <name>
==> Making package: paru 2.0.4-1 (Thu 19 Dec 2024 12:15:43 PM UTC)
==> Checking runtime dependencies...
==> Checking buildtime dependencies...
==> Installing missing dependencies...
sudo: a password is required
==> ERROR: 'pacman' failed to install missing dependencies.
==> Missing dependencies:
  -> cargo
==> ERROR: Could not resolve all dependencies.
